c:\users\prart\desktop\console\bsp\bsp\x64\debug\vc143.pdb
c:\users\prart\desktop\console\bsp\bsp\x64\debug\vc143.idb
c:\users\prart\desktop\console\bsp\bsp\x64\debug\trees.obj
c:\users\prart\desktop\console\bsp\bsp\x64\debug\engine.obj
c:\users\prart\desktop\console\bsp\bsp\x64\debug\source.obj
c:\users\prart\desktop\console\bsp\bsp\x64\debug\glad.obj
c:\users\prart\desktop\console\bsp\x64\debug\bsp.exe
c:\users\prart\desktop\console\bsp\bsp\x64\debug\bsp.ilk
c:\users\prart\desktop\console\bsp\x64\debug\bsp.pdb
c:\users\prart\desktop\console\bsp\bsp\x64\debug\bsp.res
c:\users\prart\desktop\console\bsp\bsp\x64\debug\bsp.tlog\cl.command.1.tlog
c:\users\prart\desktop\console\bsp\bsp\x64\debug\bsp.tlog\cl.read.1.tlog
c:\users\prart\desktop\console\bsp\bsp\x64\debug\bsp.tlog\cl.write.1.tlog
c:\users\prart\desktop\console\bsp\bsp\x64\debug\bsp.tlog\link.14180-cvtres.read.1.tlog
c:\users\prart\desktop\console\bsp\bsp\x64\debug\bsp.tlog\link.14180-cvtres.write.1.tlog
c:\users\prart\desktop\console\bsp\bsp\x64\debug\bsp.tlog\link.14180-rc.read.1.tlog
c:\users\prart\desktop\console\bsp\bsp\x64\debug\bsp.tlog\link.14180-rc.write.1.tlog
c:\users\prart\desktop\console\bsp\bsp\x64\debug\bsp.tlog\link.14180.read.1.tlog
c:\users\prart\desktop\console\bsp\bsp\x64\debug\bsp.tlog\link.14180.read.2.tlog
c:\users\prart\desktop\console\bsp\bsp\x64\debug\bsp.tlog\link.14180.write.1.tlog
c:\users\prart\desktop\console\bsp\bsp\x64\debug\bsp.tlog\link.command.1.tlog
c:\users\prart\desktop\console\bsp\bsp\x64\debug\bsp.tlog\link.read.1.tlog
c:\users\prart\desktop\console\bsp\bsp\x64\debug\bsp.tlog\link.write.1.tlog
c:\users\prart\desktop\console\bsp\bsp\x64\debug\bsp.tlog\rc.command.1.tlog
c:\users\prart\desktop\console\bsp\bsp\x64\debug\bsp.tlog\rc.read.1.tlog
c:\users\prart\desktop\console\bsp\bsp\x64\debug\bsp.tlog\rc.write.1.tlog
