  trees.cpp
C:\Users\prart\Desktop\console\bsp\bsp\trees.cpp(5,10): warning C4244: 'initializing': conversion from '_Ty1' to 'int', possible loss of data
          with
          [
              _Ty1=float
          ]
C:\Users\prart\Desktop\console\bsp\bsp\trees.cpp(6,10): warning C4244: 'initializing': conversion from '_Ty2' to 'int', possible loss of data
          with
          [
              _Ty2=float
          ]
C:\Program Files\Microsoft Visual Studio\2022\Community\VC\Tools\MSVC\14.32.31326\include\utility(190,16): warning C4244: 'initializing': conversion from 'int' to '_Ty1', possible loss of data
          with
          [
              _Ty1=float
          ]
C:\Users\prart\Desktop\console\bsp\bsp\structinc.h(20): message : see reference to function template instantiation 'std::pair<float,float>::pair<int&,int&,0>(_Other1,_Other2) noexcept' being compiled
          with
          [
              _Other1=int &,
              _Other2=int &
          ]
C:\Users\prart\Desktop\console\bsp\bsp\structinc.h(20): message : see reference to function template instantiation 'std::pair<float,float>::pair<int&,int&,0>(_Other1,_Other2) noexcept' being compiled
          with
          [
              _Other1=int &,
              _Other2=int &
          ]
C:\Program Files\Microsoft Visual Studio\2022\Community\VC\Tools\MSVC\14.32.31326\include\utility(190,54): warning C4244: 'initializing': conversion from 'int' to '_Ty2', possible loss of data
          with
          [
              _Ty2=float
          ]
LINK : warning LNK4098: defaultlib 'MSVCRT' conflicts with use of other libs; use /NODEFAULTLIB:library
  bsp.vcxproj -> C:\Users\prart\Desktop\console\bsp\x64\Debug\bsp.exe
